[0.615s] Invoking command in '/home/youssef/ros2_ws/src/sim_gps_from_odom': PYTHONPATH=/home/youssef/ros2_ws/build/sim_gps_from_odom/prefix_override:/usr/lib/python3/dist-packages/colcon_core/task/python/colcon_distutils_commands:/home/youssef/ros2_ws/install/sim_gps_from_odom/lib/python3.10/site-packages:${PYTHONPATH} /usr/bin/python3 -W ignore:setup.py install is deprecated -W ignore:easy_install command is deprecated setup.py egg_info --egg-base ../../build/sim_gps_from_odom build --build-base /home/youssef/ros2_ws/build/sim_gps_from_odom/build install --record /home/youssef/ros2_ws/build/sim_gps_from_odom/install.log --single-version-externally-managed install_data
[0.772s] running egg_info
[0.772s] writing ../../build/sim_gps_from_odom/sim_gps_from_odom.egg-info/PKG-INFO
[0.773s] writing dependency_links to ../../build/sim_gps_from_odom/sim_gps_from_odom.egg-info/dependency_links.txt
[0.773s] writing entry points to ../../build/sim_gps_from_odom/sim_gps_from_odom.egg-info/entry_points.txt
[0.773s] writing requirements to ../../build/sim_gps_from_odom/sim_gps_from_odom.egg-info/requires.txt
[0.773s] writing top-level names to ../../build/sim_gps_from_odom/sim_gps_from_odom.egg-info/top_level.txt
[0.774s] reading manifest file '../../build/sim_gps_from_odom/sim_gps_from_odom.egg-info/SOURCES.txt'
[0.775s] writing manifest file '../../build/sim_gps_from_odom/sim_gps_from_odom.egg-info/SOURCES.txt'
[0.775s] running build
[0.775s] running build_py
[0.775s] running install
[0.775s] running install_lib
[0.776s] running install_data
[0.776s] running install_egg_info
[0.777s] removing '/home/youssef/ros2_ws/install/sim_gps_from_odom/lib/python3.10/site-packages/sim_gps_from_odom-0.0.0-py3.10.egg-info' (and everything under it)
[0.777s] Copying ../../build/sim_gps_from_odom/sim_gps_from_odom.egg-info to /home/youssef/ros2_ws/install/sim_gps_from_odom/lib/python3.10/site-packages/sim_gps_from_odom-0.0.0-py3.10.egg-info
[0.778s] running install_scripts
[0.792s] Installing sim_gps_from_odom script to /home/youssef/ros2_ws/install/sim_gps_from_odom/lib/sim_gps_from_odom
[0.792s] Installing sim_gps_from_tf script to /home/youssef/ros2_ws/install/sim_gps_from_odom/lib/sim_gps_from_odom
[0.792s] writing list of installed files to '/home/youssef/ros2_ws/build/sim_gps_from_odom/install.log'
[0.817s] Invoked command in '/home/youssef/ros2_ws/src/sim_gps_from_odom' returned '0': PYTHONPATH=/home/youssef/ros2_ws/build/sim_gps_from_odom/prefix_override:/usr/lib/python3/dist-packages/colcon_core/task/python/colcon_distutils_commands:/home/youssef/ros2_ws/install/sim_gps_from_odom/lib/python3.10/site-packages:${PYTHONPATH} /usr/bin/python3 -W ignore:setup.py install is deprecated -W ignore:easy_install command is deprecated setup.py egg_info --egg-base ../../build/sim_gps_from_odom build --build-base /home/youssef/ros2_ws/build/sim_gps_from_odom/build install --record /home/youssef/ros2_ws/build/sim_gps_from_odom/install.log --single-version-externally-managed install_data
