[0.618s] Invoking command in '/home/youssef/ros2_ws/src/gps_nav_bridge': PYTHONPATH=/home/youssef/ros2_ws/build/gps_nav_bridge/prefix_override:/usr/lib/python3/dist-packages/colcon_core/task/python/colcon_distutils_commands:/home/youssef/ros2_ws/install/gps_nav_bridge/lib/python3.10/site-packages:${PYTHONPATH} /usr/bin/python3 -W ignore:setup.py install is deprecated -W ignore:easy_install command is deprecated setup.py egg_info --egg-base ../../build/gps_nav_bridge build --build-base /home/youssef/ros2_ws/build/gps_nav_bridge/build install --record /home/youssef/ros2_ws/build/gps_nav_bridge/install.log --single-version-externally-managed install_data
[0.762s] running egg_info
[0.763s] writing ../../build/gps_nav_bridge/gps_nav_bridge.egg-info/PKG-INFO
[0.764s] writing dependency_links to ../../build/gps_nav_bridge/gps_nav_bridge.egg-info/dependency_links.txt
[0.765s] writing entry points to ../../build/gps_nav_bridge/gps_nav_bridge.egg-info/entry_points.txt
[0.765s] writing requirements to ../../build/gps_nav_bridge/gps_nav_bridge.egg-info/requires.txt
[0.765s] writing top-level names to ../../build/gps_nav_bridge/gps_nav_bridge.egg-info/top_level.txt
[0.766s] reading manifest file '../../build/gps_nav_bridge/gps_nav_bridge.egg-info/SOURCES.txt'
[0.766s] writing manifest file '../../build/gps_nav_bridge/gps_nav_bridge.egg-info/SOURCES.txt'
[0.766s] running build
[0.766s] running build_py
[0.767s] running install
[0.767s] running install_lib
[0.767s] running install_data
[0.768s] running install_egg_info
[0.769s] removing '/home/youssef/ros2_ws/install/gps_nav_bridge/lib/python3.10/site-packages/gps_nav_bridge-0.0.0-py3.10.egg-info' (and everything under it)
[0.769s] Copying ../../build/gps_nav_bridge/gps_nav_bridge.egg-info to /home/youssef/ros2_ws/install/gps_nav_bridge/lib/python3.10/site-packages/gps_nav_bridge-0.0.0-py3.10.egg-info
[0.770s] running install_scripts
[0.783s] Installing gps_nav_bridge script to /home/youssef/ros2_ws/install/gps_nav_bridge/lib/gps_nav_bridge
[0.784s] writing list of installed files to '/home/youssef/ros2_ws/build/gps_nav_bridge/install.log'
[0.807s] Invoked command in '/home/youssef/ros2_ws/src/gps_nav_bridge' returned '0': PYTHONPATH=/home/youssef/ros2_ws/build/gps_nav_bridge/prefix_override:/usr/lib/python3/dist-packages/colcon_core/task/python/colcon_distutils_commands:/home/youssef/ros2_ws/install/gps_nav_bridge/lib/python3.10/site-packages:${PYTHONPATH} /usr/bin/python3 -W ignore:setup.py install is deprecated -W ignore:easy_install command is deprecated setup.py egg_info --egg-base ../../build/gps_nav_bridge build --build-base /home/youssef/ros2_ws/build/gps_nav_bridge/build install --record /home/youssef/ros2_ws/build/gps_nav_bridge/install.log --single-version-externally-managed install_data
