running egg_info
creating ../build/sim_gps_from_odom/sim_gps_from_odom.egg-info
writing ../build/sim_gps_from_odom/sim_gps_from_odom.egg-info/PKG-INFO
writing dependency_links to ../build/sim_gps_from_odom/sim_gps_from_odom.egg-info/dependency_links.txt
writing entry points to ../build/sim_gps_from_odom/sim_gps_from_odom.egg-info/entry_points.txt
writing requirements to ../build/sim_gps_from_odom/sim_gps_from_odom.egg-info/requires.txt
writing top-level names to ../build/sim_gps_from_odom/sim_gps_from_odom.egg-info/top_level.txt
writing manifest file '../build/sim_gps_from_odom/sim_gps_from_odom.egg-info/SOURCES.txt'
reading manifest file '../build/sim_gps_from_odom/sim_gps_from_odom.egg-info/SOURCES.txt'
writing manifest file '../build/sim_gps_from_odom/sim_gps_from_odom.egg-info/SOURCES.txt'
running build
running build_py
creating /home/youssef/ros2_ws/src/build/sim_gps_from_odom/build
creating /home/youssef/ros2_ws/src/build/sim_gps_from_odom/build/lib
creating /home/youssef/ros2_ws/src/build/sim_gps_from_odom/build/lib/sim_gps_from_odom
copying sim_gps_from_odom/__init__.py -> /home/youssef/ros2_ws/src/build/sim_gps_from_odom/build/lib/sim_gps_from_odom
copying sim_gps_from_odom/sim_gps_from_odom.py -> /home/youssef/ros2_ws/src/build/sim_gps_from_odom/build/lib/sim_gps_from_odom
running install
running install_lib
creating /home/youssef/ros2_ws/src/install/sim_gps_from_odom/lib/python3.10/site-packages/sim_gps_from_odom
copying /home/youssef/ros2_ws/src/build/sim_gps_from_odom/build/lib/sim_gps_from_odom/__init__.py -> /home/youssef/ros2_ws/src/install/sim_gps_from_odom/lib/python3.10/site-packages/sim_gps_from_odom
copying /home/youssef/ros2_ws/src/build/sim_gps_from_odom/build/lib/sim_gps_from_odom/sim_gps_from_odom.py -> /home/youssef/ros2_ws/src/install/sim_gps_from_odom/lib/python3.10/site-packages/sim_gps_from_odom
byte-compiling /home/youssef/ros2_ws/src/install/sim_gps_from_odom/lib/python3.10/site-packages/sim_gps_from_odom/__init__.py to __init__.cpython-310.pyc
byte-compiling /home/youssef/ros2_ws/src/install/sim_gps_from_odom/lib/python3.10/site-packages/sim_gps_from_odom/sim_gps_from_odom.py to sim_gps_from_odom.cpython-310.pyc
running install_data
creating /home/youssef/ros2_ws/src/install/sim_gps_from_odom/share/ament_index
creating /home/youssef/ros2_ws/src/install/sim_gps_from_odom/share/ament_index/resource_index
creating /home/youssef/ros2_ws/src/install/sim_gps_from_odom/share/ament_index/resource_index/packages
copying resource/sim_gps_from_odom -> /home/youssef/ros2_ws/src/install/sim_gps_from_odom/share/ament_index/resource_index/packages
copying package.xml -> /home/youssef/ros2_ws/src/install/sim_gps_from_odom/share/sim_gps_from_odom
running install_egg_info
Copying ../build/sim_gps_from_odom/sim_gps_from_odom.egg-info to /home/youssef/ros2_ws/src/install/sim_gps_from_odom/lib/python3.10/site-packages/sim_gps_from_odom-0.0.0-py3.10.egg-info
running install_scripts
Installing sim_gps_from_odom script to /home/youssef/ros2_ws/src/install/sim_gps_from_odom/lib/sim_gps_from_odom
writing list of installed files to '/home/youssef/ros2_ws/src/build/sim_gps_from_odom/install.log'
