[0.595s] Invoking command in '/home/youssef/ros2_ws/src/sim_gps_from_odom': PYTHONPATH=/home/youssef/ros2_ws/src/build/sim_gps_from_odom/prefix_override:/usr/lib/python3/dist-packages/colcon_core/task/python/colcon_distutils_commands:/home/youssef/ros2_ws/src/install/sim_gps_from_odom/lib/python3.10/site-packages:${PYTHONPATH} /usr/bin/python3 -W ignore:setup.py install is deprecated -W ignore:easy_install command is deprecated setup.py egg_info --egg-base ../build/sim_gps_from_odom build --build-base /home/youssef/ros2_ws/src/build/sim_gps_from_odom/build install --record /home/youssef/ros2_ws/src/build/sim_gps_from_odom/install.log --single-version-externally-managed install_data
[0.741s] running egg_info
[0.742s] creating ../build/sim_gps_from_odom/sim_gps_from_odom.egg-info
[0.742s] writing ../build/sim_gps_from_odom/sim_gps_from_odom.egg-info/PKG-INFO
[0.742s] writing dependency_links to ../build/sim_gps_from_odom/sim_gps_from_odom.egg-info/dependency_links.txt
[0.742s] writing entry points to ../build/sim_gps_from_odom/sim_gps_from_odom.egg-info/entry_points.txt
[0.742s] writing requirements to ../build/sim_gps_from_odom/sim_gps_from_odom.egg-info/requires.txt
[0.742s] writing top-level names to ../build/sim_gps_from_odom/sim_gps_from_odom.egg-info/top_level.txt
[0.742s] writing manifest file '../build/sim_gps_from_odom/sim_gps_from_odom.egg-info/SOURCES.txt'
[0.743s] reading manifest file '../build/sim_gps_from_odom/sim_gps_from_odom.egg-info/SOURCES.txt'
[0.744s] writing manifest file '../build/sim_gps_from_odom/sim_gps_from_odom.egg-info/SOURCES.txt'
[0.744s] running build
[0.744s] running build_py
[0.744s] creating /home/youssef/ros2_ws/src/build/sim_gps_from_odom/build
[0.744s] creating /home/youssef/ros2_ws/src/build/sim_gps_from_odom/build/lib
[0.744s] creating /home/youssef/ros2_ws/src/build/sim_gps_from_odom/build/lib/sim_gps_from_odom
[0.744s] copying sim_gps_from_odom/__init__.py -> /home/youssef/ros2_ws/src/build/sim_gps_from_odom/build/lib/sim_gps_from_odom
[0.744s] copying sim_gps_from_odom/sim_gps_from_odom.py -> /home/youssef/ros2_ws/src/build/sim_gps_from_odom/build/lib/sim_gps_from_odom
[0.744s] running install
[0.744s] running install_lib
[0.745s] creating /home/youssef/ros2_ws/src/install/sim_gps_from_odom/lib/python3.10/site-packages/sim_gps_from_odom
[0.745s] copying /home/youssef/ros2_ws/src/build/sim_gps_from_odom/build/lib/sim_gps_from_odom/__init__.py -> /home/youssef/ros2_ws/src/install/sim_gps_from_odom/lib/python3.10/site-packages/sim_gps_from_odom
[0.745s] copying /home/youssef/ros2_ws/src/build/sim_gps_from_odom/build/lib/sim_gps_from_odom/sim_gps_from_odom.py -> /home/youssef/ros2_ws/src/install/sim_gps_from_odom/lib/python3.10/site-packages/sim_gps_from_odom
[0.745s] byte-compiling /home/youssef/ros2_ws/src/install/sim_gps_from_odom/lib/python3.10/site-packages/sim_gps_from_odom/__init__.py to __init__.cpython-310.pyc
[0.745s] byte-compiling /home/youssef/ros2_ws/src/install/sim_gps_from_odom/lib/python3.10/site-packages/sim_gps_from_odom/sim_gps_from_odom.py to sim_gps_from_odom.cpython-310.pyc
[0.746s] running install_data
[0.746s] creating /home/youssef/ros2_ws/src/install/sim_gps_from_odom/share/ament_index
[0.746s] creating /home/youssef/ros2_ws/src/install/sim_gps_from_odom/share/ament_index/resource_index
[0.746s] creating /home/youssef/ros2_ws/src/install/sim_gps_from_odom/share/ament_index/resource_index/packages
[0.746s] copying resource/sim_gps_from_odom -> /home/youssef/ros2_ws/src/install/sim_gps_from_odom/share/ament_index/resource_index/packages
[0.746s] copying package.xml -> /home/youssef/ros2_ws/src/install/sim_gps_from_odom/share/sim_gps_from_odom
[0.746s] running install_egg_info
[0.748s] Copying ../build/sim_gps_from_odom/sim_gps_from_odom.egg-info to /home/youssef/ros2_ws/src/install/sim_gps_from_odom/lib/python3.10/site-packages/sim_gps_from_odom-0.0.0-py3.10.egg-info
[0.748s] running install_scripts
[0.764s] Installing sim_gps_from_odom script to /home/youssef/ros2_ws/src/install/sim_gps_from_odom/lib/sim_gps_from_odom
[0.764s] writing list of installed files to '/home/youssef/ros2_ws/src/build/sim_gps_from_odom/install.log'
[0.800s] Invoked command in '/home/youssef/ros2_ws/src/sim_gps_from_odom' returned '0': PYTHONPATH=/home/youssef/ros2_ws/src/build/sim_gps_from_odom/prefix_override:/usr/lib/python3/dist-packages/colcon_core/task/python/colcon_distutils_commands:/home/youssef/ros2_ws/src/install/sim_gps_from_odom/lib/python3.10/site-packages:${PYTHONPATH} /usr/bin/python3 -W ignore:setup.py install is deprecated -W ignore:easy_install command is deprecated setup.py egg_info --egg-base ../build/sim_gps_from_odom build --build-base /home/youssef/ros2_ws/src/build/sim_gps_from_odom/build install --record /home/youssef/ros2_ws/src/build/sim_gps_from_odom/install.log --single-version-externally-managed install_data
