[0.537s] Invoking command in '/home/youssef/ros2_ws/build/gps_nav_bridge': PYTHONPATH=/home/youssef/ros2_ws/build/gps_nav_bridge/prefix_override:/usr/lib/python3/dist-packages/colcon_core/task/python/colcon_distutils_commands:/home/youssef/ros2_ws/install/gps_nav_bridge/lib/python3.10/site-packages:${PYTHONPATH} /usr/bin/python3 -W ignore:setup.py install is deprecated -W ignore:easy_install command is deprecated setup.py develop --uninstall --editable --build-directory /home/youssef/ros2_ws/build/gps_nav_bridge/build
[0.692s] running develop
[0.789s] Removing /home/youssef/ros2_ws/install/gps_nav_bridge/lib/python3.10/site-packages/gps-nav-bridge.egg-link (link to .)
[0.809s] Invoked command in '/home/youssef/ros2_ws/build/gps_nav_bridge' returned '0': PYTHONPATH=/home/youssef/ros2_ws/build/gps_nav_bridge/prefix_override:/usr/lib/python3/dist-packages/colcon_core/task/python/colcon_distutils_commands:/home/youssef/ros2_ws/install/gps_nav_bridge/lib/python3.10/site-packages:${PYTHONPATH} /usr/bin/python3 -W ignore:setup.py install is deprecated -W ignore:easy_install command is deprecated setup.py develop --uninstall --editable --build-directory /home/youssef/ros2_ws/build/gps_nav_bridge/build
[0.810s] Invoking command in '/home/youssef/ros2_ws/src/gps_nav_bridge': PYTHONPATH=/home/youssef/ros2_ws/build/gps_nav_bridge/prefix_override:/usr/lib/python3/dist-packages/colcon_core/task/python/colcon_distutils_commands:/home/youssef/ros2_ws/install/gps_nav_bridge/lib/python3.10/site-packages:${PYTHONPATH} /usr/bin/python3 -W ignore:setup.py install is deprecated -W ignore:easy_install command is deprecated setup.py egg_info --egg-base ../../build/gps_nav_bridge build --build-base /home/youssef/ros2_ws/build/gps_nav_bridge/build install --record /home/youssef/ros2_ws/build/gps_nav_bridge/install.log --single-version-externally-managed install_data --force
[0.942s] running egg_info
[0.942s] writing ../../build/gps_nav_bridge/gps_nav_bridge.egg-info/PKG-INFO
[0.943s] writing dependency_links to ../../build/gps_nav_bridge/gps_nav_bridge.egg-info/dependency_links.txt
[0.943s] writing entry points to ../../build/gps_nav_bridge/gps_nav_bridge.egg-info/entry_points.txt
[0.943s] writing requirements to ../../build/gps_nav_bridge/gps_nav_bridge.egg-info/requires.txt
[0.943s] writing top-level names to ../../build/gps_nav_bridge/gps_nav_bridge.egg-info/top_level.txt
[0.943s] reading manifest file '../../build/gps_nav_bridge/gps_nav_bridge.egg-info/SOURCES.txt'
[0.944s] writing manifest file '../../build/gps_nav_bridge/gps_nav_bridge.egg-info/SOURCES.txt'
[0.944s] running build
[0.944s] running build_py
[0.944s] creating /home/youssef/ros2_ws/build/gps_nav_bridge/build
[0.944s] creating /home/youssef/ros2_ws/build/gps_nav_bridge/build/lib
[0.944s] creating /home/youssef/ros2_ws/build/gps_nav_bridge/build/lib/gps_nav_bridge
[0.944s] copying gps_nav_bridge/gps_nav_bridge.py -> /home/youssef/ros2_ws/build/gps_nav_bridge/build/lib/gps_nav_bridge
[0.944s] copying gps_nav_bridge/__init__.py -> /home/youssef/ros2_ws/build/gps_nav_bridge/build/lib/gps_nav_bridge
[0.944s] running install
[0.944s] running install_lib
[0.945s] creating /home/youssef/ros2_ws/install/gps_nav_bridge/lib/python3.10/site-packages/gps_nav_bridge
[0.945s] copying /home/youssef/ros2_ws/build/gps_nav_bridge/build/lib/gps_nav_bridge/gps_nav_bridge.py -> /home/youssef/ros2_ws/install/gps_nav_bridge/lib/python3.10/site-packages/gps_nav_bridge
[0.945s] copying /home/youssef/ros2_ws/build/gps_nav_bridge/build/lib/gps_nav_bridge/__init__.py -> /home/youssef/ros2_ws/install/gps_nav_bridge/lib/python3.10/site-packages/gps_nav_bridge
[0.945s] byte-compiling /home/youssef/ros2_ws/install/gps_nav_bridge/lib/python3.10/site-packages/gps_nav_bridge/gps_nav_bridge.py to gps_nav_bridge.cpython-310.pyc
[0.946s] byte-compiling /home/youssef/ros2_ws/install/gps_nav_bridge/lib/python3.10/site-packages/gps_nav_bridge/__init__.py to __init__.cpython-310.pyc
[0.946s] running install_data
[0.946s] copying resource/gps_nav_bridge -> /home/youssef/ros2_ws/install/gps_nav_bridge/share/ament_index/resource_index/packages
[0.946s] copying package.xml -> /home/youssef/ros2_ws/install/gps_nav_bridge/share/gps_nav_bridge
[0.946s] running install_egg_info
[0.947s] Copying ../../build/gps_nav_bridge/gps_nav_bridge.egg-info to /home/youssef/ros2_ws/install/gps_nav_bridge/lib/python3.10/site-packages/gps_nav_bridge-0.0.0-py3.10.egg-info
[0.948s] running install_scripts
[0.959s] Installing gps_nav_bridge script to /home/youssef/ros2_ws/install/gps_nav_bridge/lib/gps_nav_bridge
[0.959s] writing list of installed files to '/home/youssef/ros2_ws/build/gps_nav_bridge/install.log'
[0.976s] Invoked command in '/home/youssef/ros2_ws/src/gps_nav_bridge' returned '0': PYTHONPATH=/home/youssef/ros2_ws/build/gps_nav_bridge/prefix_override:/usr/lib/python3/dist-packages/colcon_core/task/python/colcon_distutils_commands:/home/youssef/ros2_ws/install/gps_nav_bridge/lib/python3.10/site-packages:${PYTHONPATH} /usr/bin/python3 -W ignore:setup.py install is deprecated -W ignore:easy_install command is deprecated setup.py egg_info --egg-base ../../build/gps_nav_bridge build --build-base /home/youssef/ros2_ws/build/gps_nav_bridge/build install --record /home/youssef/ros2_ws/build/gps_nav_bridge/install.log --single-version-externally-managed install_data --force
