[0.370s] Invoking command in '/home/youssef/ros2_ws/src/sim_gps_from_odom': PYTHONPATH=/home/youssef/ros2_ws/build/sim_gps_from_odom/prefix_override:/usr/lib/python3/dist-packages/colcon_core/task/python/colcon_distutils_commands:/home/youssef/ros2_ws/install/sim_gps_from_odom/lib/python3.10/site-packages:${PYTHONPATH} /usr/bin/python3 -W ignore:setup.py install is deprecated -W ignore:easy_install command is deprecated setup.py egg_info --egg-base ../../build/sim_gps_from_odom build --build-base /home/youssef/ros2_ws/build/sim_gps_from_odom/build install --record /home/youssef/ros2_ws/build/sim_gps_from_odom/install.log --single-version-externally-managed install_data
[0.511s] running egg_info
[0.512s] writing ../../build/sim_gps_from_odom/sim_gps_from_odom.egg-info/PKG-INFO
[0.512s] writing dependency_links to ../../build/sim_gps_from_odom/sim_gps_from_odom.egg-info/dependency_links.txt
[0.512s] writing entry points to ../../build/sim_gps_from_odom/sim_gps_from_odom.egg-info/entry_points.txt
[0.512s] writing requirements to ../../build/sim_gps_from_odom/sim_gps_from_odom.egg-info/requires.txt
[0.512s] writing top-level names to ../../build/sim_gps_from_odom/sim_gps_from_odom.egg-info/top_level.txt
[0.513s] reading manifest file '../../build/sim_gps_from_odom/sim_gps_from_odom.egg-info/SOURCES.txt'
[0.513s] writing manifest file '../../build/sim_gps_from_odom/sim_gps_from_odom.egg-info/SOURCES.txt'
[0.514s] running build
[0.514s] running build_py
[0.514s] copying sim_gps_from_odom/sim_gps_from_odom.py -> /home/youssef/ros2_ws/build/sim_gps_from_odom/build/lib/sim_gps_from_odom
[0.514s] running install
[0.514s] running install_lib
[0.514s] copying /home/youssef/ros2_ws/build/sim_gps_from_odom/build/lib/sim_gps_from_odom/sim_gps_from_odom.py -> /home/youssef/ros2_ws/install/sim_gps_from_odom/lib/python3.10/site-packages/sim_gps_from_odom
[0.515s] byte-compiling /home/youssef/ros2_ws/install/sim_gps_from_odom/lib/python3.10/site-packages/sim_gps_from_odom/sim_gps_from_odom.py to sim_gps_from_odom.cpython-310.pyc
[0.516s] running install_data
[0.516s] running install_egg_info
[0.517s] removing '/home/youssef/ros2_ws/install/sim_gps_from_odom/lib/python3.10/site-packages/sim_gps_from_odom-0.0.0-py3.10.egg-info' (and everything under it)
[0.517s] Copying ../../build/sim_gps_from_odom/sim_gps_from_odom.egg-info to /home/youssef/ros2_ws/install/sim_gps_from_odom/lib/python3.10/site-packages/sim_gps_from_odom-0.0.0-py3.10.egg-info
[0.517s] running install_scripts
[0.529s] Installing sim_gps_from_odom script to /home/youssef/ros2_ws/install/sim_gps_from_odom/lib/sim_gps_from_odom
[0.529s] writing list of installed files to '/home/youssef/ros2_ws/build/sim_gps_from_odom/install.log'
[0.549s] Invoked command in '/home/youssef/ros2_ws/src/sim_gps_from_odom' returned '0': PYTHONPATH=/home/youssef/ros2_ws/build/sim_gps_from_odom/prefix_override:/usr/lib/python3/dist-packages/colcon_core/task/python/colcon_distutils_commands:/home/youssef/ros2_ws/install/sim_gps_from_odom/lib/python3.10/site-packages:${PYTHONPATH} /usr/bin/python3 -W ignore:setup.py install is deprecated -W ignore:easy_install command is deprecated setup.py egg_info --egg-base ../../build/sim_gps_from_odom build --build-base /home/youssef/ros2_ws/build/sim_gps_from_odom/build install --record /home/youssef/ros2_ws/build/sim_gps_from_odom/install.log --single-version-externally-managed install_data
