[0.063s] DEBUG:colcon:Command line arguments: ['/usr/bin/colcon', 'build', '--packages-select', 'sim_gps_from_odom']
[0.063s] DEBUG:colcon:Parsed command line arguments: Namespace(log_base=None, log_level=None, verb_name='build', build_base='build', install_base='install', merge_install=False, symlink_install=False, test_result_base=None, continue_on_error=False, executor='parallel', parallel_workers=22, event_handlers=None, ignore_user_meta=False, metas=['./colcon.meta'], base_paths=['.'], packages_ignore=None, packages_ignore_regex=None, paths=None, packages_up_to=None, packages_up_to_regex=None, packages_above=None, packages_above_and_dependencies=None, packages_above_depth=None, packages_select_by_dep=None, packages_skip_by_dep=None, packages_skip_up_to=None, packages_select_build_failed=False, packages_skip_build_finished=False, packages_select_test_failures=False, packages_skip_test_passed=False, packages_select=['sim_gps_from_odom'], packages_skip=None, packages_select_regex=None, packages_skip_regex=None, packages_start=None, packages_end=None, allow_overriding=[], cmake_args=None, cmake_target=None, cmake_target_skip_unavailable=False, cmake_clean_cache=False, cmake_clean_first=False, cmake_force_configure=False, ament_cmake_args=None, catkin_cmake_args=None, catkin_skip_building_tests=False, mixin_files=None, mixin=None, verb_parser=<colcon_mixin.mixin.mixin_argument.MixinArgumentDecorator object at 0x732add43ab00>, verb_extension=<colcon_core.verb.build.BuildVerb object at 0x732add3f8190>, main=<bound method BuildVerb.main of <colcon_core.verb.build.BuildVerb object at 0x732add3f8190>>, mixin_verb=('build',))
[0.161s] Level 1:colcon.colcon_core.package_discovery:discover_packages(colcon_meta) check parameters
[0.161s] Level 1:colcon.colcon_core.package_discovery:discover_packages(recursive) check parameters
[0.161s] Level 1:colcon.colcon_core.package_discovery:discover_packages(ignore) check parameters
[0.161s] Level 1:colcon.colcon_core.package_discovery:discover_packages(path) check parameters
[0.161s] Level 1:colcon.colcon_core.package_discovery:discover_packages(colcon_meta) discover
[0.161s] Level 1:colcon.colcon_core.package_discovery:discover_packages(recursive) discover
[0.161s] INFO:colcon.colcon_core.package_discovery:Crawling recursively for packages in '/home/youssef/ros2_ws'
[0.161s] Level 1:colcon.colcon_core.package_identification:_identify(.) by extensions ['ignore', 'ignore_ament_install']
[0.161s] Level 1:colcon.colcon_core.package_identification:_identify(.) by extension 'ignore'
[0.161s] Level 1:colcon.colcon_core.package_identification:_identify(.) by extension 'ignore_ament_install'
[0.161s] Level 1:colcon.colcon_core.package_identification:_identify(.) by extensions ['colcon_pkg']
[0.161s] Level 1:colcon.colcon_core.package_identification:_identify(.) by extension 'colcon_pkg'
[0.161s] Level 1:colcon.colcon_core.package_identification:_identify(.) by extensions ['colcon_meta']
[0.161s] Level 1:colcon.colcon_core.package_identification:_identify(.) by extension 'colcon_meta'
[0.161s] Level 1:colcon.colcon_core.package_identification:_identify(.) by extensions ['ros']
[0.161s] Level 1:colcon.colcon_core.package_identification:_identify(.) by extension 'ros'
[0.168s] Level 1:colcon.colcon_core.package_identification:_identify(.) by extensions ['cmake', 'python']
[0.168s] Level 1:colcon.colcon_core.package_identification:_identify(.) by extension 'cmake'
[0.168s] Level 1:colcon.colcon_core.package_identification:_identify(.) by extension 'python'
[0.168s] Level 1:colcon.colcon_core.package_identification:_identify(.) by extensions ['python_setup_py']
[0.168s] Level 1:colcon.colcon_core.package_identification:_identify(.) by extension 'python_setup_py'
[0.168s] Level 1:colcon.colcon_core.package_identification:_identify(build) by extensions ['ignore', 'ignore_ament_install']
[0.169s] Level 1:colcon.colcon_core.package_identification:_identify(build) by extension 'ignore'
[0.169s] Level 1:colcon.colcon_core.package_identification:_identify(build) ignored
[0.169s] Level 1:colcon.colcon_core.package_identification:_identify(install) by extensions ['ignore', 'ignore_ament_install']
[0.169s] Level 1:colcon.colcon_core.package_identification:_identify(install) by extension 'ignore'
[0.169s] Level 1:colcon.colcon_core.package_identification:_identify(install) ignored
[0.169s] Level 1:colcon.colcon_core.package_identification:_identify(log) by extensions ['ignore', 'ignore_ament_install']
[0.169s] Level 1:colcon.colcon_core.package_identification:_identify(log) by extension 'ignore'
[0.169s] Level 1:colcon.colcon_core.package_identification:_identify(log) ignored
[0.169s] Level 1:colcon.colcon_core.package_identification:_identify(src) by extensions ['ignore', 'ignore_ament_install']
[0.169s] Level 1:colcon.colcon_core.package_identification:_identify(src) by extension 'ignore'
[0.169s] Level 1:colcon.colcon_core.package_identification:_identify(src) by extension 'ignore_ament_install'
[0.169s] Level 1:colcon.colcon_core.package_identification:_identify(src) by extensions ['colcon_pkg']
[0.169s] Level 1:colcon.colcon_core.package_identification:_identify(src) by extension 'colcon_pkg'
[0.169s] Level 1:colcon.colcon_core.package_identification:_identify(src) by extensions ['colcon_meta']
[0.169s] Level 1:colcon.colcon_core.package_identification:_identify(src) by extension 'colcon_meta'
[0.169s] Level 1:colcon.colcon_core.package_identification:_identify(src) by extensions ['ros']
[0.169s] Level 1:colcon.colcon_core.package_identification:_identify(src) by extension 'ros'
[0.169s] Level 1:colcon.colcon_core.package_identification:_identify(src) by extensions ['cmake', 'python']
[0.169s] Level 1:colcon.colcon_core.package_identification:_identify(src) by extension 'cmake'
[0.169s] Level 1:colcon.colcon_core.package_identification:_identify(src) by extension 'python'
[0.169s] Level 1:colcon.colcon_core.package_identification:_identify(src) by extensions ['python_setup_py']
[0.169s] Level 1:colcon.colcon_core.package_identification:_identify(src) by extension 'python_setup_py'
[0.169s] Level 1:colcon.colcon_core.package_identification:_identify(src/build) by extensions ['ignore', 'ignore_ament_install']
[0.169s] Level 1:colcon.colcon_core.package_identification:_identify(src/build) by extension 'ignore'
[0.169s] Level 1:colcon.colcon_core.package_identification:_identify(src/build) ignored
[0.169s] Level 1:colcon.colcon_core.package_identification:_identify(src/gps_nav_bridge) by extensions ['ignore', 'ignore_ament_install']
[0.169s] Level 1:colcon.colcon_core.package_identification:_identify(src/gps_nav_bridge) by extension 'ignore'
[0.169s] Level 1:colcon.colcon_core.package_identification:_identify(src/gps_nav_bridge) by extension 'ignore_ament_install'
[0.169s] Level 1:colcon.colcon_core.package_identification:_identify(src/gps_nav_bridge) by extensions ['colcon_pkg']
[0.169s] Level 1:colcon.colcon_core.package_identification:_identify(src/gps_nav_bridge) by extension 'colcon_pkg'
[0.169s] Level 1:colcon.colcon_core.package_identification:_identify(src/gps_nav_bridge) by extensions ['colcon_meta']
[0.169s] Level 1:colcon.colcon_core.package_identification:_identify(src/gps_nav_bridge) by extension 'colcon_meta'
[0.169s] Level 1:colcon.colcon_core.package_identification:_identify(src/gps_nav_bridge) by extensions ['ros']
[0.169s] Level 1:colcon.colcon_core.package_identification:_identify(src/gps_nav_bridge) by extension 'ros'
[0.171s] DEBUG:colcon.colcon_core.package_identification:Package 'src/gps_nav_bridge' with type 'ros.ament_python' and name 'gps_nav_bridge'
[0.171s] Level 1:colcon.colcon_core.package_identification:_identify(src/install) by extensions ['ignore', 'ignore_ament_install']
[0.171s] Level 1:colcon.colcon_core.package_identification:_identify(src/install) by extension 'ignore'
[0.171s] Level 1:colcon.colcon_core.package_identification:_identify(src/install) ignored
[0.171s] Level 1:colcon.colcon_core.package_identification:_identify(src/log) by extensions ['ignore', 'ignore_ament_install']
[0.171s] Level 1:colcon.colcon_core.package_identification:_identify(src/log) by extension 'ignore'
[0.171s] Level 1:colcon.colcon_core.package_identification:_identify(src/log) ignored
[0.172s] Level 1:colcon.colcon_core.package_identification:_identify(src/sim_gps_from_odom) by extensions ['ignore', 'ignore_ament_install']
[0.172s] Level 1:colcon.colcon_core.package_identification:_identify(src/sim_gps_from_odom) by extension 'ignore'
[0.172s] Level 1:colcon.colcon_core.package_identification:_identify(src/sim_gps_from_odom) by extension 'ignore_ament_install'
[0.172s] Level 1:colcon.colcon_core.package_identification:_identify(src/sim_gps_from_odom) by extensions ['colcon_pkg']
[0.172s] Level 1:colcon.colcon_core.package_identification:_identify(src/sim_gps_from_odom) by extension 'colcon_pkg'
[0.172s] Level 1:colcon.colcon_core.package_identification:_identify(src/sim_gps_from_odom) by extensions ['colcon_meta']
[0.172s] Level 1:colcon.colcon_core.package_identification:_identify(src/sim_gps_from_odom) by extension 'colcon_meta'
[0.172s] Level 1:colcon.colcon_core.package_identification:_identify(src/sim_gps_from_odom) by extensions ['ros']
[0.172s] Level 1:colcon.colcon_core.package_identification:_identify(src/sim_gps_from_odom) by extension 'ros'
[0.172s] DEBUG:colcon.colcon_core.package_identification:Package 'src/sim_gps_from_odom' with type 'ros.ament_python' and name 'sim_gps_from_odom'
[0.172s] Level 1:colcon.colcon_core.package_discovery:discover_packages(recursive) using defaults
[0.172s] Level 1:colcon.colcon_core.package_discovery:discover_packages(ignore) discover
[0.172s] Level 1:colcon.colcon_core.package_discovery:discover_packages(ignore) using defaults
[0.172s] Level 1:colcon.colcon_core.package_discovery:discover_packages(path) discover
[0.172s] Level 1:colcon.colcon_core.package_discovery:discover_packages(path) using defaults
[0.191s] INFO:colcon.colcon_core.package_selection:Skipping not selected package 'gps_nav_bridge' in 'src/gps_nav_bridge'
[0.191s] Level 1:colcon.colcon_core.package_discovery:discover_packages(prefix_path) check parameters
[0.191s] Level 1:colcon.colcon_core.package_discovery:discover_packages(prefix_path) discover
[0.193s] DEBUG:colcon.colcon_installed_package_information.package_discovery:Found 439 installed packages in /opt/ros/humble
[0.194s] Level 1:colcon.colcon_core.package_discovery:discover_packages(prefix_path) using defaults
[0.221s] Level 5:colcon.colcon_core.verb:set package 'sim_gps_from_odom' build argument 'cmake_args' from command line to 'None'
[0.222s] Level 5:colcon.colcon_core.verb:set package 'sim_gps_from_odom' build argument 'cmake_target' from command line to 'None'
[0.222s] Level 5:colcon.colcon_core.verb:set package 'sim_gps_from_odom' build argument 'cmake_target_skip_unavailable' from command line to 'False'
[0.222s] Level 5:colcon.colcon_core.verb:set package 'sim_gps_from_odom' build argument 'cmake_clean_cache' from command line to 'False'
[0.222s] Level 5:colcon.colcon_core.verb:set package 'sim_gps_from_odom' build argument 'cmake_clean_first' from command line to 'False'
[0.222s] Level 5:colcon.colcon_core.verb:set package 'sim_gps_from_odom' build argument 'cmake_force_configure' from command line to 'False'
[0.222s] Level 5:colcon.colcon_core.verb:set package 'sim_gps_from_odom' build argument 'ament_cmake_args' from command line to 'None'
[0.222s] Level 5:colcon.colcon_core.verb:set package 'sim_gps_from_odom' build argument 'catkin_cmake_args' from command line to 'None'
[0.222s] Level 5:colcon.colcon_core.verb:set package 'sim_gps_from_odom' build argument 'catkin_skip_building_tests' from command line to 'False'
[0.222s] DEBUG:colcon.colcon_core.verb:Building package 'sim_gps_from_odom' with the following arguments: {'ament_cmake_args': None, 'build_base': '/home/youssef/ros2_ws/build/sim_gps_from_odom', 'catkin_cmake_args': None, 'catkin_skip_building_tests': False, 'cmake_args': None, 'cmake_clean_cache': False, 'cmake_clean_first': False, 'cmake_force_configure': False, 'cmake_target': None, 'cmake_target_skip_unavailable': False, 'install_base': '/home/youssef/ros2_ws/install/sim_gps_from_odom', 'merge_install': False, 'path': '/home/youssef/ros2_ws/src/sim_gps_from_odom', 'symlink_install': False, 'test_result_base': None}
[0.222s] INFO:colcon.colcon_core.executor:Executing jobs using 'parallel' executor
[0.223s] DEBUG:colcon.colcon_parallel_executor.executor.parallel:run_until_complete
[0.223s] INFO:colcon.colcon_ros.task.ament_python.build:Building ROS package in '/home/youssef/ros2_ws/src/sim_gps_from_odom' with build type 'ament_python'
[0.223s] Level 1:colcon.colcon_core.shell:create_environment_hook('sim_gps_from_odom', 'ament_prefix_path')
[0.225s] INFO:colcon.colcon_core.plugin_system:Skipping extension 'colcon_core.shell.bat': Not used on non-Windows systems
[0.225s] INFO:colcon.colcon_core.shell:Creating environment hook '/home/youssef/ros2_ws/install/sim_gps_from_odom/share/sim_gps_from_odom/hook/ament_prefix_path.ps1'
[0.226s] INFO:colcon.colcon_core.shell:Creating environment descriptor '/home/youssef/ros2_ws/install/sim_gps_from_odom/share/sim_gps_from_odom/hook/ament_prefix_path.dsv'
[0.226s] INFO:colcon.colcon_core.shell:Creating environment hook '/home/youssef/ros2_ws/install/sim_gps_from_odom/share/sim_gps_from_odom/hook/ament_prefix_path.sh'
[0.226s] INFO:colcon.colcon_core.shell:Skip shell extension 'powershell' for command environment: Not usable outside of PowerShell
[0.226s] DEBUG:colcon.colcon_core.shell:Skip shell extension 'dsv' for command environment
[0.383s] INFO:colcon.colcon_core.task.python.build:Building Python package in '/home/youssef/ros2_ws/src/sim_gps_from_odom'
[0.383s] INFO:colcon.colcon_core.shell:Skip shell extension 'powershell' for command environment: Not usable outside of PowerShell
[0.383s] DEBUG:colcon.colcon_core.shell:Skip shell extension 'dsv' for command environment
[0.595s] DEBUG:colcon.colcon_core.event_handler.log_command:Invoking command in '/home/youssef/ros2_ws/src/sim_gps_from_odom': PYTHONPATH=/home/youssef/ros2_ws/build/sim_gps_from_odom/prefix_override:/usr/lib/python3/dist-packages/colcon_core/task/python/colcon_distutils_commands:/home/youssef/ros2_ws/install/sim_gps_from_odom/lib/python3.10/site-packages:${PYTHONPATH} /usr/bin/python3 -W ignore:setup.py install is deprecated -W ignore:easy_install command is deprecated setup.py egg_info --egg-base ../../build/sim_gps_from_odom build --build-base /home/youssef/ros2_ws/build/sim_gps_from_odom/build install --record /home/youssef/ros2_ws/build/sim_gps_from_odom/install.log --single-version-externally-managed install_data
[0.773s] DEBUG:colcon.colcon_core.event_handler.log_command:Invoked command in '/home/youssef/ros2_ws/src/sim_gps_from_odom' returned '0': PYTHONPATH=/home/youssef/ros2_ws/build/sim_gps_from_odom/prefix_override:/usr/lib/python3/dist-packages/colcon_core/task/python/colcon_distutils_commands:/home/youssef/ros2_ws/install/sim_gps_from_odom/lib/python3.10/site-packages:${PYTHONPATH} /usr/bin/python3 -W ignore:setup.py install is deprecated -W ignore:easy_install command is deprecated setup.py egg_info --egg-base ../../build/sim_gps_from_odom build --build-base /home/youssef/ros2_ws/build/sim_gps_from_odom/build install --record /home/youssef/ros2_ws/build/sim_gps_from_odom/install.log --single-version-externally-managed install_data
[0.777s] Level 1:colcon.colcon_core.environment:checking '/home/youssef/ros2_ws/install/sim_gps_from_odom' for CMake module files
[0.777s] Level 1:colcon.colcon_core.environment:checking '/home/youssef/ros2_ws/install/sim_gps_from_odom' for CMake config files
[0.778s] Level 1:colcon.colcon_core.environment:checking '/home/youssef/ros2_ws/install/sim_gps_from_odom/lib'
[0.778s] Level 1:colcon.colcon_core.environment:checking '/home/youssef/ros2_ws/install/sim_gps_from_odom/bin'
[0.778s] Level 1:colcon.colcon_core.environment:checking '/home/youssef/ros2_ws/install/sim_gps_from_odom/lib/pkgconfig/sim_gps_from_odom.pc'
[0.778s] Level 1:colcon.colcon_core.environment:checking '/home/youssef/ros2_ws/install/sim_gps_from_odom/lib/python3.10/site-packages'
[0.778s] Level 1:colcon.colcon_core.shell:create_environment_hook('sim_gps_from_odom', 'pythonpath')
[0.778s] INFO:colcon.colcon_core.shell:Creating environment hook '/home/youssef/ros2_ws/install/sim_gps_from_odom/share/sim_gps_from_odom/hook/pythonpath.ps1'
[0.779s] INFO:colcon.colcon_core.shell:Creating environment descriptor '/home/youssef/ros2_ws/install/sim_gps_from_odom/share/sim_gps_from_odom/hook/pythonpath.dsv'
[0.779s] INFO:colcon.colcon_core.shell:Creating environment hook '/home/youssef/ros2_ws/install/sim_gps_from_odom/share/sim_gps_from_odom/hook/pythonpath.sh'
[0.779s] Level 1:colcon.colcon_core.environment:checking '/home/youssef/ros2_ws/install/sim_gps_from_odom/bin'
[0.780s] Level 1:colcon.colcon_core.environment:create_environment_scripts_only(sim_gps_from_odom)
[0.780s] INFO:colcon.colcon_core.shell:Creating package script '/home/youssef/ros2_ws/install/sim_gps_from_odom/share/sim_gps_from_odom/package.ps1'
[0.780s] INFO:colcon.colcon_core.shell:Creating package descriptor '/home/youssef/ros2_ws/install/sim_gps_from_odom/share/sim_gps_from_odom/package.dsv'
[0.781s] INFO:colcon.colcon_core.shell:Creating package script '/home/youssef/ros2_ws/install/sim_gps_from_odom/share/sim_gps_from_odom/package.sh'
[0.781s] INFO:colcon.colcon_core.shell:Creating package script '/home/youssef/ros2_ws/install/sim_gps_from_odom/share/sim_gps_from_odom/package.bash'
[0.781s] INFO:colcon.colcon_core.shell:Creating package script '/home/youssef/ros2_ws/install/sim_gps_from_odom/share/sim_gps_from_odom/package.zsh'
[0.782s] Level 1:colcon.colcon_core.environment:create_file_with_runtime_dependencies(/home/youssef/ros2_ws/install/sim_gps_from_odom/share/colcon-core/packages/sim_gps_from_odom)
[0.782s] DEBUG:colcon.colcon_parallel_executor.executor.parallel:closing loop
[0.782s] DEBUG:colcon.colcon_parallel_executor.executor.parallel:loop closed
[0.782s] DEBUG:colcon.colcon_parallel_executor.executor.parallel:run_until_complete finished with '0'
[0.782s] DEBUG:colcon.colcon_core.event_reactor:joining thread
[0.785s] INFO:colcon.colcon_core.plugin_system:Skipping extension 'colcon_notification.desktop_notification.terminal_notifier': Not used on non-Darwin systems
[0.785s] INFO:colcon.colcon_core.plugin_system:Skipping extension 'colcon_notification.desktop_notification.win32': Not used on non-Windows systems
[0.785s] INFO:colcon.colcon_notification.desktop_notification:Sending desktop notification using 'notify2'
[0.794s] DEBUG:colcon.colcon_core.event_reactor:joined thread
[0.794s] INFO:colcon.colcon_core.shell:Creating prefix script '/home/youssef/ros2_ws/install/local_setup.ps1'
[0.795s] INFO:colcon.colcon_core.shell:Creating prefix util module '/home/youssef/ros2_ws/install/_local_setup_util_ps1.py'
[0.797s] INFO:colcon.colcon_core.shell:Creating prefix chain script '/home/youssef/ros2_ws/install/setup.ps1'
[0.798s] INFO:colcon.colcon_core.shell:Creating prefix script '/home/youssef/ros2_ws/install/local_setup.sh'
[0.798s] INFO:colcon.colcon_core.shell:Creating prefix util module '/home/youssef/ros2_ws/install/_local_setup_util_sh.py'
[0.799s] INFO:colcon.colcon_core.shell:Creating prefix chain script '/home/youssef/ros2_ws/install/setup.sh'
[0.799s] INFO:colcon.colcon_core.shell:Creating prefix script '/home/youssef/ros2_ws/install/local_setup.bash'
[0.800s] INFO:colcon.colcon_core.shell:Creating prefix chain script '/home/youssef/ros2_ws/install/setup.bash'
[0.800s] INFO:colcon.colcon_core.shell:Creating prefix script '/home/youssef/ros2_ws/install/local_setup.zsh'
[0.800s] INFO:colcon.colcon_core.shell:Creating prefix chain script '/home/youssef/ros2_ws/install/setup.zsh'
