running egg_info
creating ../build/gps_nav_bridge/gps_nav_bridge.egg-info
writing ../build/gps_nav_bridge/gps_nav_bridge.egg-info/PKG-INFO
writing dependency_links to ../build/gps_nav_bridge/gps_nav_bridge.egg-info/dependency_links.txt
writing entry points to ../build/gps_nav_bridge/gps_nav_bridge.egg-info/entry_points.txt
writing requirements to ../build/gps_nav_bridge/gps_nav_bridge.egg-info/requires.txt
writing top-level names to ../build/gps_nav_bridge/gps_nav_bridge.egg-info/top_level.txt
writing manifest file '../build/gps_nav_bridge/gps_nav_bridge.egg-info/SOURCES.txt'
reading manifest file '../build/gps_nav_bridge/gps_nav_bridge.egg-info/SOURCES.txt'
writing manifest file '../build/gps_nav_bridge/gps_nav_bridge.egg-info/SOURCES.txt'
running build
running build_py
creating /home/youssef/ros2_ws/src/build/gps_nav_bridge/build
creating /home/youssef/ros2_ws/src/build/gps_nav_bridge/build/lib
creating /home/youssef/ros2_ws/src/build/gps_nav_bridge/build/lib/gps_nav_bridge
copying gps_nav_bridge/gps_nav_bridge.py -> /home/youssef/ros2_ws/src/build/gps_nav_bridge/build/lib/gps_nav_bridge
copying gps_nav_bridge/__init__.py -> /home/youssef/ros2_ws/src/build/gps_nav_bridge/build/lib/gps_nav_bridge
running install
running install_lib
creating /home/youssef/ros2_ws/src/install/gps_nav_bridge/lib/python3.10/site-packages/gps_nav_bridge
copying /home/youssef/ros2_ws/src/build/gps_nav_bridge/build/lib/gps_nav_bridge/gps_nav_bridge.py -> /home/youssef/ros2_ws/src/install/gps_nav_bridge/lib/python3.10/site-packages/gps_nav_bridge
copying /home/youssef/ros2_ws/src/build/gps_nav_bridge/build/lib/gps_nav_bridge/__init__.py -> /home/youssef/ros2_ws/src/install/gps_nav_bridge/lib/python3.10/site-packages/gps_nav_bridge
byte-compiling /home/youssef/ros2_ws/src/install/gps_nav_bridge/lib/python3.10/site-packages/gps_nav_bridge/gps_nav_bridge.py to gps_nav_bridge.cpython-310.pyc
byte-compiling /home/youssef/ros2_ws/src/install/gps_nav_bridge/lib/python3.10/site-packages/gps_nav_bridge/__init__.py to __init__.cpython-310.pyc
running install_data
creating /home/youssef/ros2_ws/src/install/gps_nav_bridge/share/ament_index
creating /home/youssef/ros2_ws/src/install/gps_nav_bridge/share/ament_index/resource_index
creating /home/youssef/ros2_ws/src/install/gps_nav_bridge/share/ament_index/resource_index/packages
copying resource/gps_nav_bridge -> /home/youssef/ros2_ws/src/install/gps_nav_bridge/share/ament_index/resource_index/packages
copying package.xml -> /home/youssef/ros2_ws/src/install/gps_nav_bridge/share/gps_nav_bridge
running install_egg_info
Copying ../build/gps_nav_bridge/gps_nav_bridge.egg-info to /home/youssef/ros2_ws/src/install/gps_nav_bridge/lib/python3.10/site-packages/gps_nav_bridge-0.0.0-py3.10.egg-info
running install_scripts
Installing gps_nav_bridge script to /home/youssef/ros2_ws/src/install/gps_nav_bridge/lib/gps_nav_bridge
writing list of installed files to '/home/youssef/ros2_ws/src/build/gps_nav_bridge/install.log'
