[0.590s] Invoking command in '/home/youssef/ros2_ws/src/gps_nav_bridge': PYTHONPATH=/home/youssef/ros2_ws/src/build/gps_nav_bridge/prefix_override:/usr/lib/python3/dist-packages/colcon_core/task/python/colcon_distutils_commands:/home/youssef/ros2_ws/src/install/gps_nav_bridge/lib/python3.10/site-packages:${PYTHONPATH} /usr/bin/python3 -W ignore:setup.py install is deprecated -W ignore:easy_install command is deprecated setup.py egg_info --egg-base ../build/gps_nav_bridge build --build-base /home/youssef/ros2_ws/src/build/gps_nav_bridge/build install --record /home/youssef/ros2_ws/src/build/gps_nav_bridge/install.log --single-version-externally-managed install_data
[0.737s] running egg_info
[0.738s] creating ../build/gps_nav_bridge/gps_nav_bridge.egg-info
[0.738s] writing ../build/gps_nav_bridge/gps_nav_bridge.egg-info/PKG-INFO
[0.738s] writing dependency_links to ../build/gps_nav_bridge/gps_nav_bridge.egg-info/dependency_links.txt
[0.738s] writing entry points to ../build/gps_nav_bridge/gps_nav_bridge.egg-info/entry_points.txt
[0.738s] writing requirements to ../build/gps_nav_bridge/gps_nav_bridge.egg-info/requires.txt
[0.738s] writing top-level names to ../build/gps_nav_bridge/gps_nav_bridge.egg-info/top_level.txt
[0.738s] writing manifest file '../build/gps_nav_bridge/gps_nav_bridge.egg-info/SOURCES.txt'
[0.739s] reading manifest file '../build/gps_nav_bridge/gps_nav_bridge.egg-info/SOURCES.txt'
[0.739s] writing manifest file '../build/gps_nav_bridge/gps_nav_bridge.egg-info/SOURCES.txt'
[0.739s] running build
[0.739s] running build_py
[0.739s] creating /home/youssef/ros2_ws/src/build/gps_nav_bridge/build
[0.739s] creating /home/youssef/ros2_ws/src/build/gps_nav_bridge/build/lib
[0.739s] creating /home/youssef/ros2_ws/src/build/gps_nav_bridge/build/lib/gps_nav_bridge
[0.739s] copying gps_nav_bridge/gps_nav_bridge.py -> /home/youssef/ros2_ws/src/build/gps_nav_bridge/build/lib/gps_nav_bridge
[0.740s] copying gps_nav_bridge/__init__.py -> /home/youssef/ros2_ws/src/build/gps_nav_bridge/build/lib/gps_nav_bridge
[0.740s] running install
[0.740s] running install_lib
[0.740s] creating /home/youssef/ros2_ws/src/install/gps_nav_bridge/lib/python3.10/site-packages/gps_nav_bridge
[0.740s] copying /home/youssef/ros2_ws/src/build/gps_nav_bridge/build/lib/gps_nav_bridge/gps_nav_bridge.py -> /home/youssef/ros2_ws/src/install/gps_nav_bridge/lib/python3.10/site-packages/gps_nav_bridge
[0.740s] copying /home/youssef/ros2_ws/src/build/gps_nav_bridge/build/lib/gps_nav_bridge/__init__.py -> /home/youssef/ros2_ws/src/install/gps_nav_bridge/lib/python3.10/site-packages/gps_nav_bridge
[0.740s] byte-compiling /home/youssef/ros2_ws/src/install/gps_nav_bridge/lib/python3.10/site-packages/gps_nav_bridge/gps_nav_bridge.py to gps_nav_bridge.cpython-310.pyc
[0.742s] byte-compiling /home/youssef/ros2_ws/src/install/gps_nav_bridge/lib/python3.10/site-packages/gps_nav_bridge/__init__.py to __init__.cpython-310.pyc
[0.742s] running install_data
[0.742s] creating /home/youssef/ros2_ws/src/install/gps_nav_bridge/share/ament_index
[0.742s] creating /home/youssef/ros2_ws/src/install/gps_nav_bridge/share/ament_index/resource_index
[0.742s] creating /home/youssef/ros2_ws/src/install/gps_nav_bridge/share/ament_index/resource_index/packages
[0.742s] copying resource/gps_nav_bridge -> /home/youssef/ros2_ws/src/install/gps_nav_bridge/share/ament_index/resource_index/packages
[0.742s] copying package.xml -> /home/youssef/ros2_ws/src/install/gps_nav_bridge/share/gps_nav_bridge
[0.742s] running install_egg_info
[0.743s] Copying ../build/gps_nav_bridge/gps_nav_bridge.egg-info to /home/youssef/ros2_ws/src/install/gps_nav_bridge/lib/python3.10/site-packages/gps_nav_bridge-0.0.0-py3.10.egg-info
[0.743s] running install_scripts
[0.756s] Installing gps_nav_bridge script to /home/youssef/ros2_ws/src/install/gps_nav_bridge/lib/gps_nav_bridge
[0.756s] writing list of installed files to '/home/youssef/ros2_ws/src/build/gps_nav_bridge/install.log'
[0.791s] Invoked command in '/home/youssef/ros2_ws/src/gps_nav_bridge' returned '0': PYTHONPATH=/home/youssef/ros2_ws/src/build/gps_nav_bridge/prefix_override:/usr/lib/python3/dist-packages/colcon_core/task/python/colcon_distutils_commands:/home/youssef/ros2_ws/src/install/gps_nav_bridge/lib/python3.10/site-packages:${PYTHONPATH} /usr/bin/python3 -W ignore:setup.py install is deprecated -W ignore:easy_install command is deprecated setup.py egg_info --egg-base ../build/gps_nav_bridge build --build-base /home/youssef/ros2_ws/src/build/gps_nav_bridge/build install --record /home/youssef/ros2_ws/src/build/gps_nav_bridge/install.log --single-version-externally-managed install_data
