[0.071s] DEBUG:colcon:Command line arguments: ['/usr/bin/colcon', 'build']
[0.071s] DEBUG:colcon:Parsed command line arguments: Namespace(log_base=None, log_level=None, verb_name='build', build_base='build', install_base='install', merge_install=False, symlink_install=False, test_result_base=None, continue_on_error=False, executor='parallel', parallel_workers=22, event_handlers=None, ignore_user_meta=False, metas=['./colcon.meta'], base_paths=['.'], packages_ignore=None, packages_ignore_regex=None, paths=None, packages_up_to=None, packages_up_to_regex=None, packages_above=None, packages_above_and_dependencies=None, packages_above_depth=None, packages_select_by_dep=None, packages_skip_by_dep=None, packages_skip_up_to=None, packages_select_build_failed=False, packages_skip_build_finished=False, packages_select_test_failures=False, packages_skip_test_passed=False, packages_select=None, packages_skip=None, packages_select_regex=None, packages_skip_regex=None, packages_start=None, packages_end=None, allow_overriding=[], cmake_args=None, cmake_target=None, cmake_target_skip_unavailable=False, cmake_clean_cache=False, cmake_clean_first=False, cmake_force_configure=False, ament_cmake_args=None, catkin_cmake_args=None, catkin_skip_building_tests=False, mixin_files=None, mixin=None, verb_parser=<colcon_mixin.mixin.mixin_argument.MixinArgumentDecorator object at 0x72da6de4ead0>, verb_extension=<colcon_core.verb.build.BuildVerb object at 0x72da6de0c370>, main=<bound method BuildVerb.main of <colcon_core.verb.build.BuildVerb object at 0x72da6de0c370>>, mixin_verb=('build',))
[0.175s] Level 1:colcon.colcon_core.package_discovery:discover_packages(colcon_meta) check parameters
[0.175s] Level 1:colcon.colcon_core.package_discovery:discover_packages(recursive) check parameters
[0.175s] Level 1:colcon.colcon_core.package_discovery:discover_packages(ignore) check parameters
[0.175s] Level 1:colcon.colcon_core.package_discovery:discover_packages(path) check parameters
[0.175s] Level 1:colcon.colcon_core.package_discovery:discover_packages(colcon_meta) discover
[0.175s] Level 1:colcon.colcon_core.package_discovery:discover_packages(recursive) discover
[0.175s] INFO:colcon.colcon_core.package_discovery:Crawling recursively for packages in '/home/youssef/ros2_ws/src'
[0.175s] Level 1:colcon.colcon_core.package_identification:_identify(.) by extensions ['ignore', 'ignore_ament_install']
[0.175s] Level 1:colcon.colcon_core.package_identification:_identify(.) by extension 'ignore'
[0.175s] Level 1:colcon.colcon_core.package_identification:_identify(.) by extension 'ignore_ament_install'
[0.175s] Level 1:colcon.colcon_core.package_identification:_identify(.) by extensions ['colcon_pkg']
[0.175s] Level 1:colcon.colcon_core.package_identification:_identify(.) by extension 'colcon_pkg'
[0.175s] Level 1:colcon.colcon_core.package_identification:_identify(.) by extensions ['colcon_meta']
[0.175s] Level 1:colcon.colcon_core.package_identification:_identify(.) by extension 'colcon_meta'
[0.175s] Level 1:colcon.colcon_core.package_identification:_identify(.) by extensions ['ros']
[0.175s] Level 1:colcon.colcon_core.package_identification:_identify(.) by extension 'ros'
[0.182s] Level 1:colcon.colcon_core.package_identification:_identify(.) by extensions ['cmake', 'python']
[0.182s] Level 1:colcon.colcon_core.package_identification:_identify(.) by extension 'cmake'
[0.183s] Level 1:colcon.colcon_core.package_identification:_identify(.) by extension 'python'
[0.183s] Level 1:colcon.colcon_core.package_identification:_identify(.) by extensions ['python_setup_py']
[0.183s] Level 1:colcon.colcon_core.package_identification:_identify(.) by extension 'python_setup_py'
[0.183s] Level 1:colcon.colcon_core.package_identification:_identify(build) by extensions ['ignore', 'ignore_ament_install']
[0.183s] Level 1:colcon.colcon_core.package_identification:_identify(build) by extension 'ignore'
[0.183s] Level 1:colcon.colcon_core.package_identification:_identify(build) ignored
[0.183s] Level 1:colcon.colcon_core.package_identification:_identify(gps_nav_bridge) by extensions ['ignore', 'ignore_ament_install']
[0.183s] Level 1:colcon.colcon_core.package_identification:_identify(gps_nav_bridge) by extension 'ignore'
[0.183s] Level 1:colcon.colcon_core.package_identification:_identify(gps_nav_bridge) by extension 'ignore_ament_install'
[0.183s] Level 1:colcon.colcon_core.package_identification:_identify(gps_nav_bridge) by extensions ['colcon_pkg']
[0.183s] Level 1:colcon.colcon_core.package_identification:_identify(gps_nav_bridge) by extension 'colcon_pkg'
[0.183s] Level 1:colcon.colcon_core.package_identification:_identify(gps_nav_bridge) by extensions ['colcon_meta']
[0.183s] Level 1:colcon.colcon_core.package_identification:_identify(gps_nav_bridge) by extension 'colcon_meta'
[0.183s] Level 1:colcon.colcon_core.package_identification:_identify(gps_nav_bridge) by extensions ['ros']
[0.183s] Level 1:colcon.colcon_core.package_identification:_identify(gps_nav_bridge) by extension 'ros'
[0.185s] DEBUG:colcon.colcon_core.package_identification:Package 'gps_nav_bridge' with type 'ros.ament_python' and name 'gps_nav_bridge'
[0.185s] Level 1:colcon.colcon_core.package_identification:_identify(install) by extensions ['ignore', 'ignore_ament_install']
[0.185s] Level 1:colcon.colcon_core.package_identification:_identify(install) by extension 'ignore'
[0.185s] Level 1:colcon.colcon_core.package_identification:_identify(install) ignored
[0.185s] Level 1:colcon.colcon_core.package_identification:_identify(log) by extensions ['ignore', 'ignore_ament_install']
[0.185s] Level 1:colcon.colcon_core.package_identification:_identify(log) by extension 'ignore'
[0.185s] Level 1:colcon.colcon_core.package_identification:_identify(log) ignored
[0.185s] Level 1:colcon.colcon_core.package_identification:_identify(sim_gps_from_odom) by extensions ['ignore', 'ignore_ament_install']
[0.185s] Level 1:colcon.colcon_core.package_identification:_identify(sim_gps_from_odom) by extension 'ignore'
[0.185s] Level 1:colcon.colcon_core.package_identification:_identify(sim_gps_from_odom) by extension 'ignore_ament_install'
[0.185s] Level 1:colcon.colcon_core.package_identification:_identify(sim_gps_from_odom) by extensions ['colcon_pkg']
[0.185s] Level 1:colcon.colcon_core.package_identification:_identify(sim_gps_from_odom) by extension 'colcon_pkg'
[0.185s] Level 1:colcon.colcon_core.package_identification:_identify(sim_gps_from_odom) by extensions ['colcon_meta']
[0.185s] Level 1:colcon.colcon_core.package_identification:_identify(sim_gps_from_odom) by extension 'colcon_meta'
[0.185s] Level 1:colcon.colcon_core.package_identification:_identify(sim_gps_from_odom) by extensions ['ros']
[0.185s] Level 1:colcon.colcon_core.package_identification:_identify(sim_gps_from_odom) by extension 'ros'
[0.186s] DEBUG:colcon.colcon_core.package_identification:Package 'sim_gps_from_odom' with type 'ros.ament_python' and name 'sim_gps_from_odom'
[0.186s] Level 1:colcon.colcon_core.package_discovery:discover_packages(recursive) using defaults
[0.186s] Level 1:colcon.colcon_core.package_discovery:discover_packages(ignore) discover
[0.186s] Level 1:colcon.colcon_core.package_discovery:discover_packages(ignore) using defaults
[0.186s] Level 1:colcon.colcon_core.package_discovery:discover_packages(path) discover
[0.186s] Level 1:colcon.colcon_core.package_discovery:discover_packages(path) using defaults
[0.209s] Level 1:colcon.colcon_core.package_discovery:discover_packages(prefix_path) check parameters
[0.209s] Level 1:colcon.colcon_core.package_discovery:discover_packages(prefix_path) discover
[0.211s] DEBUG:colcon.colcon_installed_package_information.package_discovery:Found 439 installed packages in /opt/ros/humble
[0.212s] Level 1:colcon.colcon_core.package_discovery:discover_packages(prefix_path) using defaults
[0.243s] Level 5:colcon.colcon_core.verb:set package 'gps_nav_bridge' build argument 'cmake_args' from command line to 'None'
[0.243s] Level 5:colcon.colcon_core.verb:set package 'gps_nav_bridge' build argument 'cmake_target' from command line to 'None'
[0.243s] Level 5:colcon.colcon_core.verb:set package 'gps_nav_bridge' build argument 'cmake_target_skip_unavailable' from command line to 'False'
[0.243s] Level 5:colcon.colcon_core.verb:set package 'gps_nav_bridge' build argument 'cmake_clean_cache' from command line to 'False'
[0.243s] Level 5:colcon.colcon_core.verb:set package 'gps_nav_bridge' build argument 'cmake_clean_first' from command line to 'False'
[0.243s] Level 5:colcon.colcon_core.verb:set package 'gps_nav_bridge' build argument 'cmake_force_configure' from command line to 'False'
[0.243s] Level 5:colcon.colcon_core.verb:set package 'gps_nav_bridge' build argument 'ament_cmake_args' from command line to 'None'
[0.243s] Level 5:colcon.colcon_core.verb:set package 'gps_nav_bridge' build argument 'catkin_cmake_args' from command line to 'None'
[0.243s] Level 5:colcon.colcon_core.verb:set package 'gps_nav_bridge' build argument 'catkin_skip_building_tests' from command line to 'False'
[0.243s] DEBUG:colcon.colcon_core.verb:Building package 'gps_nav_bridge' with the following arguments: {'ament_cmake_args': None, 'build_base': '/home/youssef/ros2_ws/src/build/gps_nav_bridge', 'catkin_cmake_args': None, 'catkin_skip_building_tests': False, 'cmake_args': None, 'cmake_clean_cache': False, 'cmake_clean_first': False, 'cmake_force_configure': False, 'cmake_target': None, 'cmake_target_skip_unavailable': False, 'install_base': '/home/youssef/ros2_ws/src/install/gps_nav_bridge', 'merge_install': False, 'path': '/home/youssef/ros2_ws/src/gps_nav_bridge', 'symlink_install': False, 'test_result_base': None}
[0.243s] Level 5:colcon.colcon_core.verb:set package 'sim_gps_from_odom' build argument 'cmake_args' from command line to 'None'
[0.243s] Level 5:colcon.colcon_core.verb:set package 'sim_gps_from_odom' build argument 'cmake_target' from command line to 'None'
[0.243s] Level 5:colcon.colcon_core.verb:set package 'sim_gps_from_odom' build argument 'cmake_target_skip_unavailable' from command line to 'False'
[0.243s] Level 5:colcon.colcon_core.verb:set package 'sim_gps_from_odom' build argument 'cmake_clean_cache' from command line to 'False'
[0.243s] Level 5:colcon.colcon_core.verb:set package 'sim_gps_from_odom' build argument 'cmake_clean_first' from command line to 'False'
[0.243s] Level 5:colcon.colcon_core.verb:set package 'sim_gps_from_odom' build argument 'cmake_force_configure' from command line to 'False'
[0.243s] Level 5:colcon.colcon_core.verb:set package 'sim_gps_from_odom' build argument 'ament_cmake_args' from command line to 'None'
[0.243s] Level 5:colcon.colcon_core.verb:set package 'sim_gps_from_odom' build argument 'catkin_cmake_args' from command line to 'None'
[0.243s] Level 5:colcon.colcon_core.verb:set package 'sim_gps_from_odom' build argument 'catkin_skip_building_tests' from command line to 'False'
[0.243s] DEBUG:colcon.colcon_core.verb:Building package 'sim_gps_from_odom' with the following arguments: {'ament_cmake_args': None, 'build_base': '/home/youssef/ros2_ws/src/build/sim_gps_from_odom', 'catkin_cmake_args': None, 'catkin_skip_building_tests': False, 'cmake_args': None, 'cmake_clean_cache': False, 'cmake_clean_first': False, 'cmake_force_configure': False, 'cmake_target': None, 'cmake_target_skip_unavailable': False, 'install_base': '/home/youssef/ros2_ws/src/install/sim_gps_from_odom', 'merge_install': False, 'path': '/home/youssef/ros2_ws/src/sim_gps_from_odom', 'symlink_install': False, 'test_result_base': None}
[0.243s] INFO:colcon.colcon_core.executor:Executing jobs using 'parallel' executor
[0.244s] DEBUG:colcon.colcon_parallel_executor.executor.parallel:run_until_complete
[0.245s] INFO:colcon.colcon_ros.task.ament_python.build:Building ROS package in '/home/youssef/ros2_ws/src/gps_nav_bridge' with build type 'ament_python'
[0.245s] Level 1:colcon.colcon_core.shell:create_environment_hook('gps_nav_bridge', 'ament_prefix_path')
[0.246s] INFO:colcon.colcon_core.plugin_system:Skipping extension 'colcon_core.shell.bat': Not used on non-Windows systems
[0.246s] INFO:colcon.colcon_core.shell:Creating environment hook '/home/youssef/ros2_ws/src/install/gps_nav_bridge/share/gps_nav_bridge/hook/ament_prefix_path.ps1'
[0.247s] INFO:colcon.colcon_core.shell:Creating environment descriptor '/home/youssef/ros2_ws/src/install/gps_nav_bridge/share/gps_nav_bridge/hook/ament_prefix_path.dsv'
[0.247s] INFO:colcon.colcon_core.shell:Creating environment hook '/home/youssef/ros2_ws/src/install/gps_nav_bridge/share/gps_nav_bridge/hook/ament_prefix_path.sh'
[0.248s] INFO:colcon.colcon_core.shell:Skip shell extension 'powershell' for command environment: Not usable outside of PowerShell
[0.248s] DEBUG:colcon.colcon_core.shell:Skip shell extension 'dsv' for command environment
[0.250s] INFO:colcon.colcon_ros.task.ament_python.build:Building ROS package in '/home/youssef/ros2_ws/src/sim_gps_from_odom' with build type 'ament_python'
[0.250s] Level 1:colcon.colcon_core.shell:create_environment_hook('sim_gps_from_odom', 'ament_prefix_path')
[0.250s] INFO:colcon.colcon_core.shell:Creating environment hook '/home/youssef/ros2_ws/src/install/sim_gps_from_odom/share/sim_gps_from_odom/hook/ament_prefix_path.ps1'
[0.250s] INFO:colcon.colcon_core.shell:Creating environment descriptor '/home/youssef/ros2_ws/src/install/sim_gps_from_odom/share/sim_gps_from_odom/hook/ament_prefix_path.dsv'
[0.250s] INFO:colcon.colcon_core.shell:Creating environment hook '/home/youssef/ros2_ws/src/install/sim_gps_from_odom/share/sim_gps_from_odom/hook/ament_prefix_path.sh'
[0.251s] INFO:colcon.colcon_core.shell:Skip shell extension 'powershell' for command environment: Not usable outside of PowerShell
[0.251s] DEBUG:colcon.colcon_core.shell:Skip shell extension 'dsv' for command environment
[0.424s] INFO:colcon.colcon_core.task.python.build:Building Python package in '/home/youssef/ros2_ws/src/gps_nav_bridge'
[0.424s] INFO:colcon.colcon_core.shell:Skip shell extension 'powershell' for command environment: Not usable outside of PowerShell
[0.424s] DEBUG:colcon.colcon_core.shell:Skip shell extension 'dsv' for command environment
[0.588s] INFO:colcon.colcon_core.task.python.build:Building Python package in '/home/youssef/ros2_ws/src/sim_gps_from_odom'
[0.588s] INFO:colcon.colcon_core.shell:Skip shell extension 'powershell' for command environment: Not usable outside of PowerShell
[0.588s] DEBUG:colcon.colcon_core.shell:Skip shell extension 'dsv' for command environment
[0.836s] DEBUG:colcon.colcon_core.event_handler.log_command:Invoking command in '/home/youssef/ros2_ws/src/gps_nav_bridge': PYTHONPATH=/home/youssef/ros2_ws/src/build/gps_nav_bridge/prefix_override:/usr/lib/python3/dist-packages/colcon_core/task/python/colcon_distutils_commands:/home/youssef/ros2_ws/src/install/gps_nav_bridge/lib/python3.10/site-packages:${PYTHONPATH} /usr/bin/python3 -W ignore:setup.py install is deprecated -W ignore:easy_install command is deprecated setup.py egg_info --egg-base ../build/gps_nav_bridge build --build-base /home/youssef/ros2_ws/src/build/gps_nav_bridge/build install --record /home/youssef/ros2_ws/src/build/gps_nav_bridge/install.log --single-version-externally-managed install_data
[0.845s] DEBUG:colcon.colcon_core.event_handler.log_command:Invoking command in '/home/youssef/ros2_ws/src/sim_gps_from_odom': PYTHONPATH=/home/youssef/ros2_ws/src/build/sim_gps_from_odom/prefix_override:/usr/lib/python3/dist-packages/colcon_core/task/python/colcon_distutils_commands:/home/youssef/ros2_ws/src/install/sim_gps_from_odom/lib/python3.10/site-packages:${PYTHONPATH} /usr/bin/python3 -W ignore:setup.py install is deprecated -W ignore:easy_install command is deprecated setup.py egg_info --egg-base ../build/sim_gps_from_odom build --build-base /home/youssef/ros2_ws/src/build/sim_gps_from_odom/build install --record /home/youssef/ros2_ws/src/build/sim_gps_from_odom/install.log --single-version-externally-managed install_data
[1.037s] DEBUG:colcon.colcon_core.event_handler.log_command:Invoked command in '/home/youssef/ros2_ws/src/gps_nav_bridge' returned '0': PYTHONPATH=/home/youssef/ros2_ws/src/build/gps_nav_bridge/prefix_override:/usr/lib/python3/dist-packages/colcon_core/task/python/colcon_distutils_commands:/home/youssef/ros2_ws/src/install/gps_nav_bridge/lib/python3.10/site-packages:${PYTHONPATH} /usr/bin/python3 -W ignore:setup.py install is deprecated -W ignore:easy_install command is deprecated setup.py egg_info --egg-base ../build/gps_nav_bridge build --build-base /home/youssef/ros2_ws/src/build/gps_nav_bridge/build install --record /home/youssef/ros2_ws/src/build/gps_nav_bridge/install.log --single-version-externally-managed install_data
[1.039s] Level 1:colcon.colcon_core.environment:checking '/home/youssef/ros2_ws/src/install/gps_nav_bridge' for CMake module files
[1.039s] Level 1:colcon.colcon_core.environment:checking '/home/youssef/ros2_ws/src/install/gps_nav_bridge' for CMake config files
[1.040s] Level 1:colcon.colcon_core.environment:checking '/home/youssef/ros2_ws/src/install/gps_nav_bridge/lib'
[1.040s] Level 1:colcon.colcon_core.environment:checking '/home/youssef/ros2_ws/src/install/gps_nav_bridge/bin'
[1.040s] Level 1:colcon.colcon_core.environment:checking '/home/youssef/ros2_ws/src/install/gps_nav_bridge/lib/pkgconfig/gps_nav_bridge.pc'
[1.041s] Level 1:colcon.colcon_core.environment:checking '/home/youssef/ros2_ws/src/install/gps_nav_bridge/lib/python3.10/site-packages'
[1.041s] Level 1:colcon.colcon_core.shell:create_environment_hook('gps_nav_bridge', 'pythonpath')
[1.041s] INFO:colcon.colcon_core.shell:Creating environment hook '/home/youssef/ros2_ws/src/install/gps_nav_bridge/share/gps_nav_bridge/hook/pythonpath.ps1'
[1.042s] INFO:colcon.colcon_core.shell:Creating environment descriptor '/home/youssef/ros2_ws/src/install/gps_nav_bridge/share/gps_nav_bridge/hook/pythonpath.dsv'
[1.042s] INFO:colcon.colcon_core.shell:Creating environment hook '/home/youssef/ros2_ws/src/install/gps_nav_bridge/share/gps_nav_bridge/hook/pythonpath.sh'
[1.043s] Level 1:colcon.colcon_core.environment:checking '/home/youssef/ros2_ws/src/install/gps_nav_bridge/bin'
[1.043s] Level 1:colcon.colcon_core.environment:create_environment_scripts_only(gps_nav_bridge)
[1.043s] INFO:colcon.colcon_core.shell:Creating package script '/home/youssef/ros2_ws/src/install/gps_nav_bridge/share/gps_nav_bridge/package.ps1'
[1.044s] INFO:colcon.colcon_core.shell:Creating package descriptor '/home/youssef/ros2_ws/src/install/gps_nav_bridge/share/gps_nav_bridge/package.dsv'
[1.044s] INFO:colcon.colcon_core.shell:Creating package script '/home/youssef/ros2_ws/src/install/gps_nav_bridge/share/gps_nav_bridge/package.sh'
[1.044s] INFO:colcon.colcon_core.shell:Creating package script '/home/youssef/ros2_ws/src/install/gps_nav_bridge/share/gps_nav_bridge/package.bash'
[1.045s] INFO:colcon.colcon_core.shell:Creating package script '/home/youssef/ros2_ws/src/install/gps_nav_bridge/share/gps_nav_bridge/package.zsh'
[1.045s] Level 1:colcon.colcon_core.environment:create_file_with_runtime_dependencies(/home/youssef/ros2_ws/src/install/gps_nav_bridge/share/colcon-core/packages/gps_nav_bridge)
[1.049s] Level 1:colcon.colcon_core.environment:checking '/home/youssef/ros2_ws/src/install/sim_gps_from_odom' for CMake module files
[1.050s] DEBUG:colcon.colcon_core.event_handler.log_command:Invoked command in '/home/youssef/ros2_ws/src/sim_gps_from_odom' returned '0': PYTHONPATH=/home/youssef/ros2_ws/src/build/sim_gps_from_odom/prefix_override:/usr/lib/python3/dist-packages/colcon_core/task/python/colcon_distutils_commands:/home/youssef/ros2_ws/src/install/sim_gps_from_odom/lib/python3.10/site-packages:${PYTHONPATH} /usr/bin/python3 -W ignore:setup.py install is deprecated -W ignore:easy_install command is deprecated setup.py egg_info --egg-base ../build/sim_gps_from_odom build --build-base /home/youssef/ros2_ws/src/build/sim_gps_from_odom/build install --record /home/youssef/ros2_ws/src/build/sim_gps_from_odom/install.log --single-version-externally-managed install_data
[1.050s] Level 1:colcon.colcon_core.environment:checking '/home/youssef/ros2_ws/src/install/sim_gps_from_odom' for CMake config files
[1.051s] Level 1:colcon.colcon_core.environment:checking '/home/youssef/ros2_ws/src/install/sim_gps_from_odom/lib'
[1.051s] Level 1:colcon.colcon_core.environment:checking '/home/youssef/ros2_ws/src/install/sim_gps_from_odom/bin'
[1.051s] Level 1:colcon.colcon_core.environment:checking '/home/youssef/ros2_ws/src/install/sim_gps_from_odom/lib/pkgconfig/sim_gps_from_odom.pc'
[1.051s] Level 1:colcon.colcon_core.environment:checking '/home/youssef/ros2_ws/src/install/sim_gps_from_odom/lib/python3.10/site-packages'
[1.051s] Level 1:colcon.colcon_core.shell:create_environment_hook('sim_gps_from_odom', 'pythonpath')
[1.052s] INFO:colcon.colcon_core.shell:Creating environment hook '/home/youssef/ros2_ws/src/install/sim_gps_from_odom/share/sim_gps_from_odom/hook/pythonpath.ps1'
[1.052s] INFO:colcon.colcon_core.shell:Creating environment descriptor '/home/youssef/ros2_ws/src/install/sim_gps_from_odom/share/sim_gps_from_odom/hook/pythonpath.dsv'
[1.052s] INFO:colcon.colcon_core.shell:Creating environment hook '/home/youssef/ros2_ws/src/install/sim_gps_from_odom/share/sim_gps_from_odom/hook/pythonpath.sh'
[1.053s] Level 1:colcon.colcon_core.environment:checking '/home/youssef/ros2_ws/src/install/sim_gps_from_odom/bin'
[1.053s] Level 1:colcon.colcon_core.environment:create_environment_scripts_only(sim_gps_from_odom)
[1.054s] INFO:colcon.colcon_core.shell:Creating package script '/home/youssef/ros2_ws/src/install/sim_gps_from_odom/share/sim_gps_from_odom/package.ps1'
[1.054s] INFO:colcon.colcon_core.shell:Creating package descriptor '/home/youssef/ros2_ws/src/install/sim_gps_from_odom/share/sim_gps_from_odom/package.dsv'
[1.054s] INFO:colcon.colcon_core.shell:Creating package script '/home/youssef/ros2_ws/src/install/sim_gps_from_odom/share/sim_gps_from_odom/package.sh'
[1.055s] INFO:colcon.colcon_core.shell:Creating package script '/home/youssef/ros2_ws/src/install/sim_gps_from_odom/share/sim_gps_from_odom/package.bash'
[1.055s] INFO:colcon.colcon_core.shell:Creating package script '/home/youssef/ros2_ws/src/install/sim_gps_from_odom/share/sim_gps_from_odom/package.zsh'
[1.055s] Level 1:colcon.colcon_core.environment:create_file_with_runtime_dependencies(/home/youssef/ros2_ws/src/install/sim_gps_from_odom/share/colcon-core/packages/sim_gps_from_odom)
[1.056s] DEBUG:colcon.colcon_parallel_executor.executor.parallel:closing loop
[1.056s] DEBUG:colcon.colcon_parallel_executor.executor.parallel:loop closed
[1.056s] DEBUG:colcon.colcon_parallel_executor.executor.parallel:run_until_complete finished with '0'
[1.056s] DEBUG:colcon.colcon_core.event_reactor:joining thread
[1.062s] INFO:colcon.colcon_core.plugin_system:Skipping extension 'colcon_notification.desktop_notification.terminal_notifier': Not used on non-Darwin systems
[1.062s] INFO:colcon.colcon_core.plugin_system:Skipping extension 'colcon_notification.desktop_notification.win32': Not used on non-Windows systems
[1.062s] INFO:colcon.colcon_notification.desktop_notification:Sending desktop notification using 'notify2'
[1.074s] DEBUG:colcon.colcon_core.event_reactor:joined thread
[1.075s] INFO:colcon.colcon_core.shell:Creating prefix script '/home/youssef/ros2_ws/src/install/local_setup.ps1'
[1.076s] INFO:colcon.colcon_core.shell:Creating prefix util module '/home/youssef/ros2_ws/src/install/_local_setup_util_ps1.py'
[1.078s] INFO:colcon.colcon_core.shell:Creating prefix chain script '/home/youssef/ros2_ws/src/install/setup.ps1'
[1.079s] INFO:colcon.colcon_core.shell:Creating prefix script '/home/youssef/ros2_ws/src/install/local_setup.sh'
[1.080s] INFO:colcon.colcon_core.shell:Creating prefix util module '/home/youssef/ros2_ws/src/install/_local_setup_util_sh.py'
[1.080s] INFO:colcon.colcon_core.shell:Creating prefix chain script '/home/youssef/ros2_ws/src/install/setup.sh'
[1.081s] INFO:colcon.colcon_core.shell:Creating prefix script '/home/youssef/ros2_ws/src/install/local_setup.bash'
[1.082s] INFO:colcon.colcon_core.shell:Creating prefix chain script '/home/youssef/ros2_ws/src/install/setup.bash'
[1.082s] INFO:colcon.colcon_core.shell:Creating prefix script '/home/youssef/ros2_ws/src/install/local_setup.zsh'
[1.083s] INFO:colcon.colcon_core.shell:Creating prefix chain script '/home/youssef/ros2_ws/src/install/setup.zsh'
