running egg_info
writing ../../build/sim_gps_from_odom/sim_gps_from_odom.egg-info/PKG-INFO
writing dependency_links to ../../build/sim_gps_from_odom/sim_gps_from_odom.egg-info/dependency_links.txt
writing entry points to ../../build/sim_gps_from_odom/sim_gps_from_odom.egg-info/entry_points.txt
writing requirements to ../../build/sim_gps_from_odom/sim_gps_from_odom.egg-info/requires.txt
writing top-level names to ../../build/sim_gps_from_odom/sim_gps_from_odom.egg-info/top_level.txt
reading manifest file '../../build/sim_gps_from_odom/sim_gps_from_odom.egg-info/SOURCES.txt'
writing manifest file '../../build/sim_gps_from_odom/sim_gps_from_odom.egg-info/SOURCES.txt'
running build
running build_py
copying sim_gps_from_odom/sim_gps_from_tf.py -> /home/youssef/ros2_ws/build/sim_gps_from_odom/build/lib/sim_gps_from_odom
running install
running install_lib
copying /home/youssef/ros2_ws/build/sim_gps_from_odom/build/lib/sim_gps_from_odom/sim_gps_from_tf.py -> /home/youssef/ros2_ws/install/sim_gps_from_odom/lib/python3.10/site-packages/sim_gps_from_odom
byte-compiling /home/youssef/ros2_ws/install/sim_gps_from_odom/lib/python3.10/site-packages/sim_gps_from_odom/sim_gps_from_tf.py to sim_gps_from_tf.cpython-310.pyc
running install_data
running install_egg_info
removing '/home/youssef/ros2_ws/install/sim_gps_from_odom/lib/python3.10/site-packages/sim_gps_from_odom-0.0.0-py3.10.egg-info' (and everything under it)
Copying ../../build/sim_gps_from_odom/sim_gps_from_odom.egg-info to /home/youssef/ros2_ws/install/sim_gps_from_odom/lib/python3.10/site-packages/sim_gps_from_odom-0.0.0-py3.10.egg-info
running install_scripts
Installing sim_gps_from_odom script to /home/youssef/ros2_ws/install/sim_gps_from_odom/lib/sim_gps_from_odom
Installing sim_gps_from_tf script to /home/youssef/ros2_ws/install/sim_gps_from_odom/lib/sim_gps_from_odom
writing list of installed files to '/home/youssef/ros2_ws/build/sim_gps_from_odom/install.log'
